[2015-04-22 15:52:38] :: Request:
VPSProtocol=3.00&TxType=PAYMENT&Vendor=liquidshop&VendorTxCode=liquidshop-PAYMENT-1429714353-389461435&Amount=21.00&Currency=GBP&Description=Purchase from Demo Store&NotificationURL=...&BillingSurname=...&BillingFirstnames=...&BillingAddress1=...&BillingCity=...&BillingPostCode=...&BillingCountry=...&DeliverySurname=...&DeliveryFirstnames=...&DeliveryAddress1=...&DeliveryCity=...&DeliveryPostCode=...&DeliveryCountry=...&StoreToken=...&CustomerName=...&CustomerEMail=...&VendorEMail=...&SendEMail=...&eMailMessage=...&BillingAddress2=...&BillingPhone=...&ApplyAVSCV2=...&Apply3DSecure=...&AllowGiftAid=...&BillingAgreement=...&DeliveryAddress2=...&DeliveryPhone=...&Basket=...&SurchargeXML=...&Profile=...&AccountType=...
[2015-04-22 15:52:38] :: Response:
{"VPSProtocol":"VPSProtocol=3.00","Status":"Status=OK","StatusDetail":"StatusDetail=2014 : The Transaction was Registered Successfully.","VPSTxId":"VPSTxId={FD29F998-EA22-4CB0-BC6A-41C43477BAFC}","SecurityKey":"...","NextURL":"..."}
[2015-04-22 15:53:16] :: Request:
VPSProtocol=3.00&TxType=PAYMENT&Vendor=liquidshop&VendorTxCode=liquidshop-PAYMENT-1429714391-250268903&Amount=21.00&Currency=GBP&Description=Purchase from Demo Store&NotificationURL=...&BillingSurname=...&BillingFirstnames=...&BillingAddress1=...&BillingCity=...&BillingPostCode=...&BillingCountry=...&DeliverySurname=...&DeliveryFirstnames=...&DeliveryAddress1=...&DeliveryCity=...&DeliveryPostCode=...&DeliveryCountry=...&StoreToken=...&CustomerName=...&CustomerEMail=...&VendorEMail=...&SendEMail=...&eMailMessage=...&BillingAddress2=...&BillingPhone=...&ApplyAVSCV2=...&Apply3DSecure=...&AllowGiftAid=...&BillingAgreement=...&DeliveryAddress2=...&DeliveryPhone=...&Basket=...&SurchargeXML=...&Profile=...&AccountType=...
[2015-04-22 15:53:16] :: Response:
{"VPSProtocol":"VPSProtocol=3.00","Status":"Status=OK","StatusDetail":"StatusDetail=2014 : The Transaction was Registered Successfully.","VPSTxId":"VPSTxId={51E4B375-3E18-0A13-BF44-386EFD7B4943}","SecurityKey":"...","NextURL":"..."}
[2015-04-22 15:56:45] :: Request:
VPSProtocol=3.00&TxType=PAYMENT&Vendor=liquidshop&VendorTxCode=liquidshop-PAYMENT-1429714600-94322298&Amount=21.00&Currency=GBP&Description=Purchase from Demo Store&NotificationURL=...&BillingSurname=...&BillingFirstnames=...&BillingAddress1=...&BillingCity=...&BillingPostCode=...&BillingCountry=...&DeliverySurname=...&DeliveryFirstnames=...&DeliveryAddress1=...&DeliveryCity=...&DeliveryPostCode=...&DeliveryCountry=...&StoreToken=...&CustomerName=...&CustomerEMail=...&VendorEMail=...&SendEMail=...&eMailMessage=...&BillingAddress2=...&BillingPhone=...&ApplyAVSCV2=...&Apply3DSecure=...&AllowGiftAid=...&BillingAgreement=...&DeliveryAddress2=...&DeliveryPhone=...&Basket=...&SurchargeXML=...&Profile=...&AccountType=...
[2015-04-22 15:56:45] :: Response:
{"VPSProtocol":"VPSProtocol=3.00","Status":"Status=OK","StatusDetail":"StatusDetail=2014 : The Transaction was Registered Successfully.","VPSTxId":"VPSTxId={7C08D434-FD94-9854-DD38-423FA6F2E681}","SecurityKey":"...","NextURL":"..."}
[2015-04-22 15:57:17] :: Request:
VPSProtocol=3.00&TxType=PAYMENT&Vendor=liquidshop&VendorTxCode=liquidshop-PAYMENT-1429714631-520310628&Amount=21.00&Currency=GBP&Description=Purchase from Demo Store&NotificationURL=...&BillingSurname=...&BillingFirstnames=...&BillingAddress1=...&BillingCity=...&BillingPostCode=...&BillingCountry=...&DeliverySurname=...&DeliveryFirstnames=...&DeliveryAddress1=...&DeliveryCity=...&DeliveryPostCode=...&DeliveryCountry=...&StoreToken=...&CustomerName=...&CustomerEMail=...&VendorEMail=...&SendEMail=...&eMailMessage=...&BillingAddress2=...&BillingPhone=...&ApplyAVSCV2=...&Apply3DSecure=...&AllowGiftAid=...&BillingAgreement=...&DeliveryAddress2=...&DeliveryPhone=...&Basket=...&SurchargeXML=...&Profile=...&AccountType=...
[2015-04-22 15:57:17] :: Response:
{"VPSProtocol":"VPSProtocol=3.00","Status":"Status=OK","StatusDetail":"StatusDetail=2014 : The Transaction was Registered Successfully.","VPSTxId":"VPSTxId={6E933C79-8862-F7EA-411F-0E01858C177E}","SecurityKey":"...","NextURL":"..."}
[2015-04-23 10:20:42] :: Request:
VPSProtocol=3.00&TxType=PAYMENT&Vendor=liquidshop&VendorTxCode=liquidshop-PAYMENT-1429780837-416646165&Amount=21.00&Currency=GBP&Description=Purchase from Demo Store&NotificationURL=...&BillingSurname=...&BillingFirstnames=...&BillingAddress1=...&BillingCity=...&BillingPostCode=...&BillingCountry=...&DeliverySurname=...&DeliveryFirstnames=...&DeliveryAddress1=...&DeliveryCity=...&DeliveryPostCode=...&DeliveryCountry=...&StoreToken=...&CustomerName=...&CustomerEMail=...&VendorEMail=...&SendEMail=...&eMailMessage=...&BillingAddress2=...&BillingPhone=...&ApplyAVSCV2=...&Apply3DSecure=...&AllowGiftAid=...&BillingAgreement=...&DeliveryAddress2=...&DeliveryPhone=...&Basket=...&Profile=...&AccountType=...
[2015-04-23 10:20:42] :: Response:
{"VPSProtocol":"VPSProtocol=3.00","Status":"Status=OK","StatusDetail":"StatusDetail=2014 : The Transaction was Registered Successfully.","VPSTxId":"VPSTxId={C582475D-50ED-CCC3-4195-3A776D154646}","SecurityKey":"...","NextURL":"..."}
[2015-04-23 11:40:04] :: Request:
VPSProtocol=3.00&TxType=PAYMENT&Vendor=liquidshop&VendorTxCode=liquidshop-PAYMENT-1429785598-503298468&Amount=21.00&Currency=GBP&Description=Purchase from Demo Store&NotificationURL=...&BillingSurname=...&BillingFirstnames=...&BillingAddress1=...&BillingCity=...&BillingPostCode=...&BillingCountry=...&DeliverySurname=...&DeliveryFirstnames=...&DeliveryAddress1=...&DeliveryCity=...&DeliveryPostCode=...&DeliveryCountry=...&StoreToken=...&CustomerName=...&CustomerEMail=...&VendorEMail=...&SendEMail=...&eMailMessage=...&BillingAddress2=...&BillingPhone=...&ApplyAVSCV2=...&Apply3DSecure=...&AllowGiftAid=...&BillingAgreement=...&DeliveryAddress2=...&DeliveryPhone=...&Basket=...&Profile=...&AccountType=...
[2015-04-23 11:40:04] :: Response:
{"VPSProtocol":"VPSProtocol=3.00","Status":"Status=OK","StatusDetail":"StatusDetail=2014 : The Transaction was Registered Successfully.","VPSTxId":"VPSTxId={CCD34FB6-D2AE-482C-2BF6-976C30D2402C}","SecurityKey":"...","NextURL":"..."}
[2015-04-23 12:17:57] :: Request:
VPSProtocol=3.00&TxType=PAYMENT&Vendor=liquidshop&VendorTxCode=liquidshop-PAYMENT-1429787876-136001336&Amount=21.00&Currency=GBP&Description=Purchase from Demo Store&NotificationURL=...&BillingSurname=...&BillingFirstnames=...&BillingAddress1=...&BillingCity=...&BillingPostCode=...&BillingCountry=...&DeliverySurname=...&DeliveryFirstnames=...&DeliveryAddress1=...&DeliveryCity=...&DeliveryPostCode=...&DeliveryCountry=...&StoreToken=...&CustomerName=...&CustomerEMail=...&VendorEMail=...&SendEMail=...&eMailMessage=...&BillingAddress2=...&BillingPhone=...&ApplyAVSCV2=...&Apply3DSecure=...&AllowGiftAid=...&BillingAgreement=...&DeliveryAddress2=...&DeliveryPhone=...&Basket=...&Profile=...&AccountType=...
[2015-04-23 12:17:57] :: Response:
{"VPSProtocol":"VPSProtocol=3.00","Status":"Status=OK","StatusDetail":"StatusDetail=2014 : The Transaction was Registered Successfully.","VPSTxId":"VPSTxId={D788F4CC-7F81-6811-7CCA-36249886B72A}","SecurityKey":"...","NextURL":"..."}
[2015-04-24 12:41:50] :: Request:
VPSProtocol=3.00&TxType=PAYMENT&Vendor=liquidshop&VendorTxCode=liquidshop-PAYMENT-1429875710-95480804&Amount=830.00&Currency=GBP&Description=Purchase from Demo Store&NotificationURL=...&BillingSurname=...&BillingFirstnames=...&BillingAddress1=...&BillingCity=...&BillingPostCode=...&BillingCountry=...&DeliverySurname=...&DeliveryFirstnames=...&DeliveryAddress1=...&DeliveryCity=...&DeliveryPostCode=...&DeliveryCountry=...&StoreToken=...&CustomerName=...&CustomerEMail=...&VendorEMail=...&SendEMail=...&eMailMessage=...&BillingAddress2=...&BillingPhone=...&ApplyAVSCV2=...&Apply3DSecure=...&AllowGiftAid=...&BillingAgreement=...&DeliveryAddress2=...&DeliveryPhone=...&Basket=...&Profile=...&AccountType=...
[2015-04-24 12:41:50] :: Response:
{"VPSProtocol":"VPSProtocol=3.00","Status":"Status=OK","StatusDetail":"StatusDetail=2014 : The Transaction was Registered Successfully.","VPSTxId":"VPSTxId={290B9DFB-91B8-391D-5C81-CF22DFD4E759}","SecurityKey":"...","NextURL":"..."}
[2015-04-24 12:53:13] :: Request:
VPSProtocol=3.00&TxType=PAYMENT&Vendor=liquidshop&VendorTxCode=liquidshop-PAYMENT-1429876393-572725775&Amount=830.00&Currency=GBP&Description=Purchase from Demo Store&NotificationURL=...&BillingSurname=...&BillingFirstnames=...&BillingAddress1=...&BillingCity=...&BillingPostCode=...&BillingCountry=...&DeliverySurname=...&DeliveryFirstnames=...&DeliveryAddress1=...&DeliveryCity=...&DeliveryPostCode=...&DeliveryCountry=...&StoreToken=...&CustomerName=...&CustomerEMail=...&VendorEMail=...&SendEMail=...&eMailMessage=...&BillingAddress2=...&BillingPhone=...&ApplyAVSCV2=...&Apply3DSecure=...&AllowGiftAid=...&BillingAgreement=...&DeliveryAddress2=...&DeliveryPhone=...&Basket=...&Profile=...&AccountType=...
[2015-04-24 12:53:13] :: Response:
{"VPSProtocol":"VPSProtocol=3.00","Status":"Status=OK","StatusDetail":"StatusDetail=2014 : The Transaction was Registered Successfully.","VPSTxId":"VPSTxId={EF4CD86F-72D5-3D09-192C-AA3A3E5EF03B}","SecurityKey":"...","NextURL":"..."}
[2015-04-24 14:49:00] :: Request:
VPSProtocol=3.00&TxType=PAYMENT&Vendor=liquidshop&VendorTxCode=liquidshop-PAYMENT-1429883339-378976806&Amount=830.00&Currency=GBP&Description=Purchase from Demo Store&NotificationURL=...&BillingSurname=...&BillingFirstnames=...&BillingAddress1=...&BillingCity=...&BillingPostCode=...&BillingCountry=...&DeliverySurname=...&DeliveryFirstnames=...&DeliveryAddress1=...&DeliveryCity=...&DeliveryPostCode=...&DeliveryCountry=...&StoreToken=...&CustomerName=...&CustomerEMail=...&VendorEMail=...&SendEMail=...&eMailMessage=...&BillingAddress2=...&BillingPhone=...&ApplyAVSCV2=...&Apply3DSecure=...&AllowGiftAid=...&BillingAgreement=...&DeliveryAddress2=...&DeliveryPhone=...&Basket=...&Profile=...&AccountType=...
[2015-04-24 14:49:00] :: Response:
{"VPSProtocol":"VPSProtocol=3.00","Status":"Status=OK","StatusDetail":"StatusDetail=2014 : The Transaction was Registered Successfully.","VPSTxId":"VPSTxId={5396FF49-3225-4A4A-A922-F66DC01577D4}","SecurityKey":"...","NextURL":"..."}
[2015-04-24 15:23:41] :: Request:
VPSProtocol=3.00&TxType=PAYMENT&Vendor=liquidshop&VendorTxCode=liquidshop-PAYMENT-1429885421-555252904&Amount=830.00&Currency=GBP&Description=Purchase from Demo Store&NotificationURL=...&BillingSurname=...&BillingFirstnames=...&BillingAddress1=...&BillingCity=...&BillingPostCode=...&BillingCountry=...&DeliverySurname=...&DeliveryFirstnames=...&DeliveryAddress1=...&DeliveryCity=...&DeliveryPostCode=...&DeliveryCountry=...&StoreToken=...&CustomerName=...&CustomerEMail=...&VendorEMail=...&SendEMail=...&eMailMessage=...&BillingAddress2=...&BillingPhone=...&ApplyAVSCV2=...&Apply3DSecure=...&AllowGiftAid=...&BillingAgreement=...&DeliveryAddress2=...&DeliveryPhone=...&Basket=...&Profile=...&AccountType=...
[2015-04-24 15:23:41] :: Response:
{"VPSProtocol":"VPSProtocol=3.00","Status":"Status=OK","StatusDetail":"StatusDetail=2014 : The Transaction was Registered Successfully.","VPSTxId":"VPSTxId={20BB0DF1-020E-C785-74E2-DFCEA09B9035}","SecurityKey":"...","NextURL":"..."}
[2015-04-24 15:23:50] :: Request:
VPSProtocol=3.00&TxType=PAYMENT&Vendor=liquidshop&VendorTxCode=liquidshop-PAYMENT-1429885430-814166834&Amount=830.00&Currency=GBP&Description=Purchase from Demo Store&NotificationURL=...&BillingSurname=...&BillingFirstnames=...&BillingAddress1=...&BillingCity=...&BillingPostCode=...&BillingCountry=...&DeliverySurname=...&DeliveryFirstnames=...&DeliveryAddress1=...&DeliveryCity=...&DeliveryPostCode=...&DeliveryCountry=...&StoreToken=...&CustomerName=...&CustomerEMail=...&VendorEMail=...&SendEMail=...&eMailMessage=...&BillingAddress2=...&BillingPhone=...&ApplyAVSCV2=...&Apply3DSecure=...&AllowGiftAid=...&BillingAgreement=...&DeliveryAddress2=...&DeliveryPhone=...&Basket=...&Profile=...&AccountType=...
[2015-04-24 15:23:50] :: Response:
{"VPSProtocol":"VPSProtocol=3.00","Status":"Status=OK","StatusDetail":"StatusDetail=2014 : The Transaction was Registered Successfully.","VPSTxId":"VPSTxId={A84115CF-7EBA-3AA0-9B30-1B38D3DABC78}","SecurityKey":"...","NextURL":"..."}
[2015-04-24 15:25:00] :: Request:
VPSProtocol=3.00&TxType=PAYMENT&Vendor=liquidshop&VendorTxCode=liquidshop-PAYMENT-1429885500-142527953&Amount=830.00&Currency=GBP&Description=Purchase from Demo Store&NotificationURL=...&BillingSurname=...&BillingFirstnames=...&BillingAddress1=...&BillingCity=...&BillingPostCode=...&BillingCountry=...&DeliverySurname=...&DeliveryFirstnames=...&DeliveryAddress1=...&DeliveryCity=...&DeliveryPostCode=...&DeliveryCountry=...&StoreToken=...&CustomerName=...&CustomerEMail=...&VendorEMail=...&SendEMail=...&eMailMessage=...&BillingAddress2=...&BillingPhone=...&ApplyAVSCV2=...&Apply3DSecure=...&AllowGiftAid=...&BillingAgreement=...&DeliveryAddress2=...&DeliveryPhone=...&Basket=...&Profile=...&AccountType=...
[2015-04-24 15:25:00] :: Response:
{"VPSProtocol":"VPSProtocol=3.00","Status":"Status=OK","StatusDetail":"StatusDetail=2014 : The Transaction was Registered Successfully.","VPSTxId":"VPSTxId={F97F3BD3-247F-51CE-55A8-A6B2A091EF67}","SecurityKey":"...","NextURL":"..."}
[2015-04-24 15:25:46] :: Request:
VPSProtocol=3.00&TxType=PAYMENT&Vendor=liquidshop&VendorTxCode=liquidshop-PAYMENT-1429885546-169414742&Amount=830.00&Currency=GBP&Description=Purchase from Demo Store&NotificationURL=...&BillingSurname=...&BillingFirstnames=...&BillingAddress1=...&BillingCity=...&BillingPostCode=...&BillingCountry=...&DeliverySurname=...&DeliveryFirstnames=...&DeliveryAddress1=...&DeliveryCity=...&DeliveryPostCode=...&DeliveryCountry=...&StoreToken=...&CustomerName=...&CustomerEMail=...&VendorEMail=...&SendEMail=...&eMailMessage=...&BillingAddress2=...&BillingPhone=...&ApplyAVSCV2=...&Apply3DSecure=...&AllowGiftAid=...&BillingAgreement=...&DeliveryAddress2=...&DeliveryPhone=...&Basket=...&Profile=...&AccountType=...
[2015-04-24 15:25:46] :: Response:
{"VPSProtocol":"VPSProtocol=3.00","Status":"Status=OK","StatusDetail":"StatusDetail=2014 : The Transaction was Registered Successfully.","VPSTxId":"VPSTxId={D8938629-4388-D7A3-C30A-E5E0FC8EB291}","SecurityKey":"...","NextURL":"..."}
[2015-04-24 15:25:55] :: Request:
VPSProtocol=3.00&TxType=PAYMENT&Vendor=liquidshop&VendorTxCode=liquidshop-PAYMENT-1429885554-480136759&Amount=830.00&Currency=GBP&Description=Purchase from Demo Store&NotificationURL=...&BillingSurname=...&BillingFirstnames=...&BillingAddress1=...&BillingCity=...&BillingPostCode=...&BillingCountry=...&DeliverySurname=...&DeliveryFirstnames=...&DeliveryAddress1=...&DeliveryCity=...&DeliveryPostCode=...&DeliveryCountry=...&StoreToken=...&CustomerName=...&CustomerEMail=...&VendorEMail=...&SendEMail=...&eMailMessage=...&BillingAddress2=...&BillingPhone=...&ApplyAVSCV2=...&Apply3DSecure=...&AllowGiftAid=...&BillingAgreement=...&DeliveryAddress2=...&DeliveryPhone=...&Basket=...&Profile=...&AccountType=...
[2015-04-24 15:25:55] :: Response:
{"VPSProtocol":"VPSProtocol=3.00","Status":"Status=OK","StatusDetail":"StatusDetail=2014 : The Transaction was Registered Successfully.","VPSTxId":"VPSTxId={29817C55-CA1C-D472-2F26-2A1D3D6A6C28}","SecurityKey":"...","NextURL":"..."}
[2015-04-24 15:28:18] :: Request:
VPSProtocol=3.00&TxType=PAYMENT&Vendor=liquidshop&VendorTxCode=liquidshop-PAYMENT-1429885698-799533945&Amount=830.00&Currency=GBP&Description=Purchase from Demo Store&NotificationURL=...&BillingSurname=...&BillingFirstnames=...&BillingAddress1=...&BillingCity=...&BillingPostCode=...&BillingCountry=...&DeliverySurname=...&DeliveryFirstnames=...&DeliveryAddress1=...&DeliveryCity=...&DeliveryPostCode=...&DeliveryCountry=...&StoreToken=...&CustomerName=...&CustomerEMail=...&VendorEMail=...&SendEMail=...&eMailMessage=...&BillingAddress2=...&BillingPhone=...&ApplyAVSCV2=...&Apply3DSecure=...&AllowGiftAid=...&BillingAgreement=...&DeliveryAddress2=...&DeliveryPhone=...&Basket=...&Profile=...&AccountType=...
[2015-04-24 15:28:18] :: Response:
{"VPSProtocol":"VPSProtocol=3.00","Status":"Status=OK","StatusDetail":"StatusDetail=2014 : The Transaction was Registered Successfully.","VPSTxId":"VPSTxId={62FD3406-9D51-D931-4E28-DEE158166069}","SecurityKey":"...","NextURL":"..."}
[2015-04-24 16:19:02] :: Request:
VPSProtocol=3.00&TxType=PAYMENT&Vendor=liquidshop&VendorTxCode=liquidshop-PAYMENT-1429888742-759343457&Amount=830.00&Currency=GBP&Description=Purchase from Demo Store&NotificationURL=...&BillingSurname=...&BillingFirstnames=...&BillingAddress1=...&BillingCity=...&BillingPostCode=...&BillingCountry=...&DeliverySurname=...&DeliveryFirstnames=...&DeliveryAddress1=...&DeliveryCity=...&DeliveryPostCode=...&DeliveryCountry=...&StoreToken=...&CustomerName=...&CustomerEMail=...&VendorEMail=...&SendEMail=...&eMailMessage=...&BillingAddress2=...&BillingPhone=...&ApplyAVSCV2=...&Apply3DSecure=...&AllowGiftAid=...&BillingAgreement=...&DeliveryAddress2=...&DeliveryPhone=...&Basket=...&Profile=...&AccountType=...
[2015-04-24 16:19:02] :: Response:
{"VPSProtocol":"VPSProtocol=3.00","Status":"Status=OK","StatusDetail":"StatusDetail=2014 : The Transaction was Registered Successfully.","VPSTxId":"VPSTxId={2360327B-C5AE-6D43-3008-9891791FFD0D}","SecurityKey":"...","NextURL":"..."}
[2015-04-24 16:19:55] :: Request:
VPSProtocol=3.00&TxType=PAYMENT&Vendor=liquidshop&VendorTxCode=liquidshop-PAYMENT-1429888795-118827575&Amount=830.00&Currency=GBP&Description=Purchase from Demo Store&NotificationURL=...&BillingSurname=...&BillingFirstnames=...&BillingAddress1=...&BillingCity=...&BillingPostCode=...&BillingCountry=...&DeliverySurname=...&DeliveryFirstnames=...&DeliveryAddress1=...&DeliveryCity=...&DeliveryPostCode=...&DeliveryCountry=...&StoreToken=...&CustomerName=...&CustomerEMail=...&VendorEMail=...&SendEMail=...&eMailMessage=...&BillingAddress2=...&BillingPhone=...&ApplyAVSCV2=...&Apply3DSecure=...&AllowGiftAid=...&BillingAgreement=...&DeliveryAddress2=...&DeliveryPhone=...&Basket=...&Profile=...&AccountType=...
[2015-04-24 16:19:55] :: Response:
{"VPSProtocol":"VPSProtocol=3.00","Status":"Status=OK","StatusDetail":"StatusDetail=2014 : The Transaction was Registered Successfully.","VPSTxId":"VPSTxId={8E9B79D4-F95F-53A2-E0B3-AB3373725DB3}","SecurityKey":"...","NextURL":"..."}
[2015-04-24 16:20:16] :: Request:
VPSProtocol=3.00&TxType=PAYMENT&Vendor=liquidshop&VendorTxCode=liquidshop-PAYMENT-1429888816-975922608&Amount=830.00&Currency=GBP&Description=Purchase from Demo Store&NotificationURL=...&BillingSurname=...&BillingFirstnames=...&BillingAddress1=...&BillingCity=...&BillingPostCode=...&BillingCountry=...&DeliverySurname=...&DeliveryFirstnames=...&DeliveryAddress1=...&DeliveryCity=...&DeliveryPostCode=...&DeliveryCountry=...&StoreToken=...&CustomerName=...&CustomerEMail=...&VendorEMail=...&SendEMail=...&eMailMessage=...&BillingAddress2=...&BillingPhone=...&ApplyAVSCV2=...&Apply3DSecure=...&AllowGiftAid=...&BillingAgreement=...&DeliveryAddress2=...&DeliveryPhone=...&Basket=...&Profile=...&AccountType=...
[2015-04-24 16:20:16] :: Response:
{"VPSProtocol":"VPSProtocol=3.00","Status":"Status=OK","StatusDetail":"StatusDetail=2014 : The Transaction was Registered Successfully.","VPSTxId":"VPSTxId={3AD20DD9-D45F-594C-868A-05AB8F69815C}","SecurityKey":"...","NextURL":"..."}
[2015-04-24 16:22:11] :: Request:
VPSProtocol=3.00&TxType=PAYMENT&Vendor=liquidshop&VendorTxCode=liquidshop-PAYMENT-1429888931-627853391&Amount=830.00&Currency=GBP&Description=Purchase from Demo Store&NotificationURL=...&BillingSurname=...&BillingFirstnames=...&BillingAddress1=...&BillingCity=...&BillingPostCode=...&BillingCountry=...&DeliverySurname=...&DeliveryFirstnames=...&DeliveryAddress1=...&DeliveryCity=...&DeliveryPostCode=...&DeliveryCountry=...&StoreToken=...&CustomerName=...&CustomerEMail=...&VendorEMail=...&SendEMail=...&eMailMessage=...&BillingAddress2=...&BillingPhone=...&ApplyAVSCV2=...&Apply3DSecure=...&AllowGiftAid=...&BillingAgreement=...&DeliveryAddress2=...&DeliveryPhone=...&Basket=...&Profile=...&AccountType=...
[2015-04-24 16:22:11] :: Response:
{"VPSProtocol":"VPSProtocol=3.00","Status":"Status=OK","StatusDetail":"StatusDetail=2014 : The Transaction was Registered Successfully.","VPSTxId":"VPSTxId={B61C24A8-039C-7AFA-CAA3-B19EFD69C448}","SecurityKey":"...","NextURL":"..."}
[2015-04-24 16:24:33] :: Request:
VPSProtocol=3.00&TxType=PAYMENT&Vendor=liquidshop&VendorTxCode=liquidshop-PAYMENT-1429889073-558105947&Amount=830.00&Currency=GBP&Description=Purchase from Demo Store&NotificationURL=...&BillingSurname=...&BillingFirstnames=...&BillingAddress1=...&BillingCity=...&BillingPostCode=...&BillingCountry=...&DeliverySurname=...&DeliveryFirstnames=...&DeliveryAddress1=...&DeliveryCity=...&DeliveryPostCode=...&DeliveryCountry=...&StoreToken=...&CustomerName=...&CustomerEMail=...&VendorEMail=...&SendEMail=...&eMailMessage=...&BillingAddress2=...&BillingPhone=...&ApplyAVSCV2=...&Apply3DSecure=...&AllowGiftAid=...&BillingAgreement=...&DeliveryAddress2=...&DeliveryPhone=...&Basket=...&Profile=...&AccountType=...
[2015-04-24 16:24:33] :: Response:
{"VPSProtocol":"VPSProtocol=3.00","Status":"Status=OK","StatusDetail":"StatusDetail=2014 : The Transaction was Registered Successfully.","VPSTxId":"VPSTxId={FDD160C7-17C3-7B67-033D-00BA1409903D}","SecurityKey":"...","NextURL":"..."}
[2015-04-24 16:26:37] :: Request:
VPSProtocol=3.00&TxType=PAYMENT&Vendor=liquidshop&VendorTxCode=liquidshop-PAYMENT-1429889197-54123777&Amount=830.00&Currency=GBP&Description=Purchase from Demo Store&NotificationURL=...&BillingSurname=...&BillingFirstnames=...&BillingAddress1=...&BillingCity=...&BillingPostCode=...&BillingCountry=...&DeliverySurname=...&DeliveryFirstnames=...&DeliveryAddress1=...&DeliveryCity=...&DeliveryPostCode=...&DeliveryCountry=...&StoreToken=...&CustomerName=...&CustomerEMail=...&VendorEMail=...&SendEMail=...&eMailMessage=...&BillingAddress2=...&BillingPhone=...&ApplyAVSCV2=...&Apply3DSecure=...&AllowGiftAid=...&BillingAgreement=...&DeliveryAddress2=...&DeliveryPhone=...&Basket=...&Profile=...&AccountType=...
[2015-04-24 16:26:37] :: Response:
{"VPSProtocol":"VPSProtocol=3.00","Status":"Status=OK","StatusDetail":"StatusDetail=2014 : The Transaction was Registered Successfully.","VPSTxId":"VPSTxId={F7B72CC9-DAFF-ED5B-A3E1-D990BF0AE90C}","SecurityKey":"...","NextURL":"..."}
[2015-04-24 16:26:42] :: Request:
VPSProtocol=3.00&TxType=PAYMENT&Vendor=liquidshop&VendorTxCode=liquidshop-PAYMENT-1429889202-740160438&Amount=830.00&Currency=GBP&Description=Purchase from Demo Store&NotificationURL=...&BillingSurname=...&BillingFirstnames=...&BillingAddress1=...&BillingCity=...&BillingPostCode=...&BillingCountry=...&DeliverySurname=...&DeliveryFirstnames=...&DeliveryAddress1=...&DeliveryCity=...&DeliveryPostCode=...&DeliveryCountry=...&StoreToken=...&CustomerName=...&CustomerEMail=...&VendorEMail=...&SendEMail=...&eMailMessage=...&BillingAddress2=...&BillingPhone=...&ApplyAVSCV2=...&Apply3DSecure=...&AllowGiftAid=...&BillingAgreement=...&DeliveryAddress2=...&DeliveryPhone=...&Basket=...&Profile=...&AccountType=...
[2015-04-24 16:26:42] :: Response:
{"VPSProtocol":"VPSProtocol=3.00","Status":"Status=OK","StatusDetail":"StatusDetail=2014 : The Transaction was Registered Successfully.","VPSTxId":"VPSTxId={CAE044B4-A1B8-0927-499B-346F6EE34FF5}","SecurityKey":"...","NextURL":"..."}
[2015-04-24 16:27:20] :: Request:
VPSProtocol=3.00&TxType=PAYMENT&Vendor=liquidshop&VendorTxCode=liquidshop-PAYMENT-1429889240-876204846&Amount=830.00&Currency=GBP&Description=Purchase from Demo Store&NotificationURL=...&BillingSurname=...&BillingFirstnames=...&BillingAddress1=...&BillingCity=...&BillingPostCode=...&BillingCountry=...&DeliverySurname=...&DeliveryFirstnames=...&DeliveryAddress1=...&DeliveryCity=...&DeliveryPostCode=...&DeliveryCountry=...&StoreToken=...&CustomerName=...&CustomerEMail=...&VendorEMail=...&SendEMail=...&eMailMessage=...&BillingAddress2=...&BillingPhone=...&ApplyAVSCV2=...&Apply3DSecure=...&AllowGiftAid=...&BillingAgreement=...&DeliveryAddress2=...&DeliveryPhone=...&Basket=...&Profile=...&AccountType=...
[2015-04-24 16:27:20] :: Response:
{"VPSProtocol":"VPSProtocol=3.00","Status":"Status=OK","StatusDetail":"StatusDetail=2014 : The Transaction was Registered Successfully.","VPSTxId":"VPSTxId={FE044F95-26A0-6CCA-504D-50D3524BE11E}","SecurityKey":"...","NextURL":"..."}
[2015-04-24 16:28:18] :: Request:
VPSProtocol=3.00&TxType=PAYMENT&Vendor=liquidshop&VendorTxCode=liquidshop-PAYMENT-1429889298-343652053&Amount=830.00&Currency=GBP&Description=Purchase from Demo Store&NotificationURL=...&BillingSurname=...&BillingFirstnames=...&BillingAddress1=...&BillingCity=...&BillingPostCode=...&BillingCountry=...&DeliverySurname=...&DeliveryFirstnames=...&DeliveryAddress1=...&DeliveryCity=...&DeliveryPostCode=...&DeliveryCountry=...&StoreToken=...&CustomerName=...&CustomerEMail=...&VendorEMail=...&SendEMail=...&eMailMessage=...&BillingAddress2=...&BillingPhone=...&ApplyAVSCV2=...&Apply3DSecure=...&AllowGiftAid=...&BillingAgreement=...&DeliveryAddress2=...&DeliveryPhone=...&Basket=...&Profile=...&AccountType=...
[2015-04-24 16:28:18] :: Response:
{"VPSProtocol":"VPSProtocol=3.00","Status":"Status=OK","StatusDetail":"StatusDetail=2014 : The Transaction was Registered Successfully.","VPSTxId":"VPSTxId={B8DDDE60-2042-AFE3-B720-ED2F7FACCB38}","SecurityKey":"...","NextURL":"..."}
[2015-04-24 16:34:28] :: Request:
VPSProtocol=3.00&TxType=PAYMENT&Vendor=liquidshop&VendorTxCode=liquidshop-PAYMENT-1429889668-696673469&Amount=830.00&Currency=GBP&Description=Purchase from Demo Store&NotificationURL=...&BillingSurname=...&BillingFirstnames=...&BillingAddress1=...&BillingCity=...&BillingPostCode=...&BillingCountry=...&DeliverySurname=...&DeliveryFirstnames=...&DeliveryAddress1=...&DeliveryCity=...&DeliveryPostCode=...&DeliveryCountry=...&StoreToken=...&CustomerName=...&CustomerEMail=...&VendorEMail=...&SendEMail=...&eMailMessage=...&BillingAddress2=...&BillingPhone=...&ApplyAVSCV2=...&Apply3DSecure=...&AllowGiftAid=...&BillingAgreement=...&DeliveryAddress2=...&DeliveryPhone=...&BasketXML=...&Profile=...&AccountType=...
[2015-04-24 16:34:28] :: Response:
{"VPSProtocol":"VPSProtocol=3.00","Status":"Status=INVALID","StatusDetail":"StatusDetail=3021 : The Basket format is invalid."}
[2015-04-24 16:37:36] :: Request:
VPSProtocol=3.00&TxType=PAYMENT&Vendor=liquidshop&VendorTxCode=liquidshop-PAYMENT-1429889856-31499262&Amount=830.00&Currency=GBP&Description=Purchase from Demo Store&NotificationURL=...&BillingSurname=...&BillingFirstnames=...&BillingAddress1=...&BillingCity=...&BillingPostCode=...&BillingCountry=...&DeliverySurname=...&DeliveryFirstnames=...&DeliveryAddress1=...&DeliveryCity=...&DeliveryPostCode=...&DeliveryCountry=...&StoreToken=...&CustomerName=...&CustomerEMail=...&VendorEMail=...&SendEMail=...&eMailMessage=...&BillingAddress2=...&BillingPhone=...&ApplyAVSCV2=...&Apply3DSecure=...&AllowGiftAid=...&BillingAgreement=...&DeliveryAddress2=...&DeliveryPhone=...&BasketXML=...&Profile=...&AccountType=...
[2015-04-24 16:37:36] :: Response:
{"VPSProtocol":"VPSProtocol=3.00","Status":"Status=INVALID","StatusDetail":"StatusDetail=3021 : The Basket format is invalid."}
[2015-04-24 16:38:04] :: Request:
VPSProtocol=3.00&TxType=PAYMENT&Vendor=liquidshop&VendorTxCode=liquidshop-PAYMENT-1429889884-429229436&Amount=830.00&Currency=GBP&Description=Purchase from Demo Store&NotificationURL=...&BillingSurname=...&BillingFirstnames=...&BillingAddress1=...&BillingCity=...&BillingPostCode=...&BillingCountry=...&DeliverySurname=...&DeliveryFirstnames=...&DeliveryAddress1=...&DeliveryCity=...&DeliveryPostCode=...&DeliveryCountry=...&StoreToken=...&CustomerName=...&CustomerEMail=...&VendorEMail=...&SendEMail=...&eMailMessage=...&BillingAddress2=...&BillingPhone=...&ApplyAVSCV2=...&Apply3DSecure=...&AllowGiftAid=...&BillingAgreement=...&DeliveryAddress2=...&DeliveryPhone=...&BasketXML=...&Profile=...&AccountType=...
[2015-04-24 16:38:04] :: Response:
{"VPSProtocol":"VPSProtocol=3.00","Status":"Status=OK","StatusDetail":"StatusDetail=2014 : The Transaction was Registered Successfully.","VPSTxId":"VPSTxId={6B0B01AC-7053-6180-05AE-30AE20979798}","SecurityKey":"...","NextURL":"..."}
[2015-04-27 09:14:46] :: Request:
VPSProtocol=3.00&TxType=PAYMENT&Vendor=liquidshop&VendorTxCode=liquidshop-PAYMENT-1430122485-482683175&Amount=1650.00&Currency=GBP&Description=Purchase from Demo Store&NotificationURL=...&BillingSurname=...&BillingFirstnames=...&BillingAddress1=...&BillingCity=...&BillingPostCode=...&BillingCountry=...&DeliverySurname=...&DeliveryFirstnames=...&DeliveryAddress1=...&DeliveryCity=...&DeliveryPostCode=...&DeliveryCountry=...&StoreToken=...&CustomerName=...&CustomerEMail=...&VendorEMail=...&SendEMail=...&eMailMessage=...&BillingAddress2=...&BillingPhone=...&ApplyAVSCV2=...&Apply3DSecure=...&AllowGiftAid=...&BillingAgreement=...&DeliveryAddress2=...&DeliveryPhone=...&Basket=...&Profile=...&AccountType=...
[2015-04-27 09:14:46] :: Response:
{"VPSProtocol":"VPSProtocol=3.00","Status":"Status=INVALID","StatusDetail":"StatusDetail=3078 : The CustomerEMail format is invalid."}
[2015-04-27 09:15:22] :: Request:
VPSProtocol=3.00&TxType=PAYMENT&Vendor=liquidshop&VendorTxCode=liquidshop-PAYMENT-1430122521-726599604&Amount=1650.00&Currency=GBP&Description=Purchase from Demo Store&NotificationURL=...&BillingSurname=...&BillingFirstnames=...&BillingAddress1=...&BillingCity=...&BillingPostCode=...&BillingCountry=...&DeliverySurname=...&DeliveryFirstnames=...&DeliveryAddress1=...&DeliveryCity=...&DeliveryPostCode=...&DeliveryCountry=...&StoreToken=...&CustomerName=...&CustomerEMail=...&VendorEMail=...&SendEMail=...&eMailMessage=...&BillingAddress2=...&BillingPhone=...&ApplyAVSCV2=...&Apply3DSecure=...&AllowGiftAid=...&BillingAgreement=...&DeliveryAddress2=...&DeliveryPhone=...&Basket=...&Profile=...&AccountType=...
[2015-04-27 09:15:22] :: Response:
{"VPSProtocol":"VPSProtocol=3.00","Status":"Status=INVALID","StatusDetail":"StatusDetail=3078 : The CustomerEMail format is invalid."}
[2015-04-27 10:11:12] :: Request:
VPSProtocol=3.00&TxType=PAYMENT&Vendor=liquidshop&VendorTxCode=liquidshop-PAYMENT-1430125872-590710121&Amount=1650.00&Currency=GBP&Description=Purchase from Demo Store&NotificationURL=...&BillingSurname=...&BillingFirstnames=...&BillingAddress1=...&BillingCity=...&BillingPostCode=...&BillingCountry=...&DeliverySurname=...&DeliveryFirstnames=...&DeliveryAddress1=...&DeliveryCity=...&DeliveryPostCode=...&DeliveryCountry=...&StoreToken=...&CustomerName=...&CustomerEMail=...&VendorEMail=...&SendEMail=...&eMailMessage=...&BillingAddress2=...&BillingPhone=...&ApplyAVSCV2=...&Apply3DSecure=...&AllowGiftAid=...&BillingAgreement=...&DeliveryAddress2=...&DeliveryPhone=...&Basket=...&Profile=...&AccountType=...
[2015-04-27 10:11:12] :: Response:
{"VPSProtocol":"VPSProtocol=3.00","Status":"Status=INVALID","StatusDetail":"StatusDetail=3078 : The CustomerEMail format is invalid."}
[2015-04-27 10:11:34] :: Request:
VPSProtocol=3.00&TxType=PAYMENT&Vendor=liquidshop&VendorTxCode=liquidshop-PAYMENT-1430125893-633624733&Amount=1650.00&Currency=GBP&Description=Purchase from Demo Store&NotificationURL=...&BillingSurname=...&BillingFirstnames=...&BillingAddress1=...&BillingCity=...&BillingPostCode=...&BillingCountry=...&DeliverySurname=...&DeliveryFirstnames=...&DeliveryAddress1=...&DeliveryCity=...&DeliveryPostCode=...&DeliveryCountry=...&StoreToken=...&CustomerName=...&CustomerEMail=...&VendorEMail=...&SendEMail=...&eMailMessage=...&BillingAddress2=...&BillingPhone=...&ApplyAVSCV2=...&Apply3DSecure=...&AllowGiftAid=...&BillingAgreement=...&DeliveryAddress2=...&DeliveryPhone=...&Basket=...&Profile=...&AccountType=...
[2015-04-27 10:11:34] :: Response:
{"VPSProtocol":"VPSProtocol=3.00","Status":"Status=INVALID","StatusDetail":"StatusDetail=3078 : The CustomerEMail format is invalid."}
[2015-04-27 10:46:21] :: Request:
VPSProtocol=3.00&TxType=PAYMENT&Vendor=liquidshop&VendorTxCode=liquidshop-PAYMENT-1430127981-528649990&Amount=1650.00&Currency=GBP&Description=Purchase from Demo Store&NotificationURL=...&BillingSurname=...&BillingFirstnames=...&BillingAddress1=...&BillingCity=...&BillingPostCode=...&BillingCountry=...&DeliverySurname=...&DeliveryFirstnames=...&DeliveryAddress1=...&DeliveryCity=...&DeliveryPostCode=...&DeliveryCountry=...&StoreToken=...&CustomerName=...&CustomerEMail=...&VendorEMail=...&SendEMail=...&eMailMessage=...&BillingAddress2=...&BillingPhone=...&ApplyAVSCV2=...&Apply3DSecure=...&AllowGiftAid=...&BillingAgreement=...&DeliveryAddress2=...&DeliveryPhone=...&BasketXML=...&Profile=...&AccountType=...
[2015-04-27 10:46:21] :: Response:
{"VPSProtocol":"VPSProtocol=3.00","Status":"Status=INVALID","StatusDetail":"StatusDetail=3021 : The Basket format is invalid."}
[2015-04-27 10:47:18] :: Request:
VPSProtocol=3.00&TxType=PAYMENT&Vendor=liquidshop&VendorTxCode=liquidshop-PAYMENT-1430128038-53048269&Amount=1650.00&Currency=GBP&Description=Purchase from Demo Store&NotificationURL=...&BillingSurname=...&BillingFirstnames=...&BillingAddress1=...&BillingCity=...&BillingPostCode=...&BillingCountry=...&DeliverySurname=...&DeliveryFirstnames=...&DeliveryAddress1=...&DeliveryCity=...&DeliveryPostCode=...&DeliveryCountry=...&StoreToken=...&CustomerName=...&CustomerEMail=...&VendorEMail=...&SendEMail=...&eMailMessage=...&BillingAddress2=...&BillingPhone=...&ApplyAVSCV2=...&Apply3DSecure=...&AllowGiftAid=...&BillingAgreement=...&DeliveryAddress2=...&DeliveryPhone=...&BasketXML=...&Profile=...&AccountType=...
[2015-04-27 10:47:18] :: Response:
{"VPSProtocol":"VPSProtocol=3.00","Status":"Status=INVALID","StatusDetail":"StatusDetail=3021 : The Basket format is invalid."}
[2015-04-27 10:48:03] :: Request:
VPSProtocol=3.00&TxType=PAYMENT&Vendor=liquidshop&VendorTxCode=liquidshop-PAYMENT-1430128082-221406468&Amount=830.00&Currency=GBP&Description=Purchase from Demo Store&NotificationURL=...&BillingSurname=...&BillingFirstnames=...&BillingAddress1=...&BillingCity=...&BillingPostCode=...&BillingCountry=...&DeliverySurname=...&DeliveryFirstnames=...&DeliveryAddress1=...&DeliveryCity=...&DeliveryPostCode=...&DeliveryCountry=...&StoreToken=...&CustomerName=...&CustomerEMail=...&VendorEMail=...&SendEMail=...&eMailMessage=...&BillingAddress2=...&BillingPhone=...&ApplyAVSCV2=...&Apply3DSecure=...&AllowGiftAid=...&BillingAgreement=...&DeliveryAddress2=...&DeliveryPhone=...&BasketXML=...&Profile=...&AccountType=...
[2015-04-27 10:48:03] :: Response:
{"VPSProtocol":"VPSProtocol=3.00","Status":"Status=INVALID","StatusDetail":"StatusDetail=3021 : The Basket format is invalid."}
[2015-04-27 10:48:21] :: Request:
VPSProtocol=3.00&TxType=PAYMENT&Vendor=liquidshop&VendorTxCode=liquidshop-PAYMENT-1430128101-675921043&Amount=830.00&Currency=GBP&Description=Purchase from Demo Store&NotificationURL=...&BillingSurname=...&BillingFirstnames=...&BillingAddress1=...&BillingCity=...&BillingPostCode=...&BillingCountry=...&DeliverySurname=...&DeliveryFirstnames=...&DeliveryAddress1=...&DeliveryCity=...&DeliveryPostCode=...&DeliveryCountry=...&StoreToken=...&CustomerName=...&CustomerEMail=...&VendorEMail=...&SendEMail=...&eMailMessage=...&BillingAddress2=...&BillingPhone=...&ApplyAVSCV2=...&Apply3DSecure=...&AllowGiftAid=...&BillingAgreement=...&DeliveryAddress2=...&DeliveryPhone=...&BasketXML=...&Profile=...&AccountType=...
[2015-04-27 10:48:21] :: Response:
{"VPSProtocol":"VPSProtocol=3.00","Status":"Status=OK","StatusDetail":"StatusDetail=2014 : The Transaction was Registered Successfully.","VPSTxId":"VPSTxId={CB0D21E8-2EDA-4AA0-CDF2-5905D1F5F25F}","SecurityKey":"...","NextURL":"..."}
[2015-04-27 10:48:50] :: Request:
VPSProtocol=3.00&TxType=PAYMENT&Vendor=liquidshop&VendorTxCode=liquidshop-PAYMENT-1430128130-853742446&Amount=830.00&Currency=GBP&Description=Purchase from Demo Store&NotificationURL=...&BillingSurname=...&BillingFirstnames=...&BillingAddress1=...&BillingCity=...&BillingPostCode=...&BillingCountry=...&DeliverySurname=...&DeliveryFirstnames=...&DeliveryAddress1=...&DeliveryCity=...&DeliveryPostCode=...&DeliveryCountry=...&StoreToken=...&CustomerName=...&CustomerEMail=...&VendorEMail=...&SendEMail=...&eMailMessage=...&BillingAddress2=...&BillingPhone=...&ApplyAVSCV2=...&Apply3DSecure=...&AllowGiftAid=...&BillingAgreement=...&DeliveryAddress2=...&DeliveryPhone=...&BasketXML=...&Profile=...&AccountType=...
[2015-04-27 10:48:50] :: Response:
{"VPSProtocol":"VPSProtocol=3.00","Status":"Status=OK","StatusDetail":"StatusDetail=2014 : The Transaction was Registered Successfully.","VPSTxId":"VPSTxId={ACCB9BC7-DFA7-4D15-82F9-852A3BD1C15D}","SecurityKey":"...","NextURL":"..."}
[2015-04-27 10:51:25] :: Request:
VPSProtocol=3.00&TxType=PAYMENT&Vendor=liquidshop&VendorTxCode=liquidshop-PAYMENT-1430128285-370911428&Amount=830.00&Currency=GBP&Description=Purchase from Demo Store&NotificationURL=...&BillingSurname=...&BillingFirstnames=...&BillingAddress1=...&BillingCity=...&BillingPostCode=...&BillingCountry=...&DeliverySurname=...&DeliveryFirstnames=...&DeliveryAddress1=...&DeliveryCity=...&DeliveryPostCode=...&DeliveryCountry=...&StoreToken=...&CustomerName=...&CustomerEMail=...&VendorEMail=...&SendEMail=...&eMailMessage=...&BillingAddress2=...&BillingPhone=...&ApplyAVSCV2=...&Apply3DSecure=...&AllowGiftAid=...&BillingAgreement=...&DeliveryAddress2=...&DeliveryPhone=...&BasketXML=...&Profile=...&AccountType=...
[2015-04-27 10:51:25] :: Response:
{"VPSProtocol":"VPSProtocol=3.00","Status":"Status=INVALID","StatusDetail":"StatusDetail=3195 : The line item amount details do not add up correctly."}
[2015-04-27 10:53:57] :: Request:
VPSProtocol=3.00&TxType=PAYMENT&Vendor=liquidshop&VendorTxCode=liquidshop-PAYMENT-1430128437-240326638&Amount=830.00&Currency=GBP&Description=Purchase from Demo Store&NotificationURL=...&BillingSurname=...&BillingFirstnames=...&BillingAddress1=...&BillingCity=...&BillingPostCode=...&BillingCountry=...&DeliverySurname=...&DeliveryFirstnames=...&DeliveryAddress1=...&DeliveryCity=...&DeliveryPostCode=...&DeliveryCountry=...&StoreToken=...&CustomerName=...&CustomerEMail=...&VendorEMail=...&SendEMail=...&eMailMessage=...&BillingAddress2=...&BillingPhone=...&ApplyAVSCV2=...&Apply3DSecure=...&AllowGiftAid=...&BillingAgreement=...&DeliveryAddress2=...&DeliveryPhone=...&BasketXML=...&Profile=...&AccountType=...
[2015-04-27 10:53:57] :: Response:
{"VPSProtocol":"VPSProtocol=3.00","Status":"Status=OK","StatusDetail":"StatusDetail=2014 : The Transaction was Registered Successfully.","VPSTxId":"VPSTxId={6022CF65-80F9-F30D-15A2-F5E057EE922D}","SecurityKey":"...","NextURL":"..."}
[2015-04-27 10:54:43] :: Request:
VPSProtocol=3.00&TxType=PAYMENT&Vendor=liquidshop&VendorTxCode=liquidshop-PAYMENT-1430128483-976367671&Amount=830.00&Currency=GBP&Description=Purchase from Demo Store&NotificationURL=...&BillingSurname=...&BillingFirstnames=...&BillingAddress1=...&BillingCity=...&BillingPostCode=...&BillingCountry=...&DeliverySurname=...&DeliveryFirstnames=...&DeliveryAddress1=...&DeliveryCity=...&DeliveryPostCode=...&DeliveryCountry=...&StoreToken=...&CustomerName=...&CustomerEMail=...&VendorEMail=...&SendEMail=...&eMailMessage=...&BillingAddress2=...&BillingPhone=...&ApplyAVSCV2=...&Apply3DSecure=...&AllowGiftAid=...&BillingAgreement=...&DeliveryAddress2=...&DeliveryPhone=...&BasketXML=...&Profile=...&AccountType=...
[2015-04-27 10:54:43] :: Response:
{"VPSProtocol":"VPSProtocol=3.00","Status":"Status=INVALID","StatusDetail":"StatusDetail=3195 : The line item amount details do not add up correctly."}
[2015-04-27 10:54:50] :: Request:
VPSProtocol=3.00&TxType=PAYMENT&Vendor=liquidshop&VendorTxCode=liquidshop-PAYMENT-1430128490-136505661&Amount=830.00&Currency=GBP&Description=Purchase from Demo Store&NotificationURL=...&BillingSurname=...&BillingFirstnames=...&BillingAddress1=...&BillingCity=...&BillingPostCode=...&BillingCountry=...&DeliverySurname=...&DeliveryFirstnames=...&DeliveryAddress1=...&DeliveryCity=...&DeliveryPostCode=...&DeliveryCountry=...&StoreToken=...&CustomerName=...&CustomerEMail=...&VendorEMail=...&SendEMail=...&eMailMessage=...&BillingAddress2=...&BillingPhone=...&ApplyAVSCV2=...&Apply3DSecure=...&AllowGiftAid=...&BillingAgreement=...&DeliveryAddress2=...&DeliveryPhone=...&BasketXML=...&Profile=...&AccountType=...
[2015-04-27 10:54:50] :: Response:
{"VPSProtocol":"VPSProtocol=3.00","Status":"Status=INVALID","StatusDetail":"StatusDetail=3195 : The line item amount details do not add up correctly."}
[2015-04-27 10:55:21] :: Request:
VPSProtocol=3.00&TxType=PAYMENT&Vendor=liquidshop&VendorTxCode=liquidshop-PAYMENT-1430128521-627517403&Amount=748.00&Currency=GBP&Description=Purchase from Demo Store&NotificationURL=...&BillingSurname=...&BillingFirstnames=...&BillingAddress1=...&BillingCity=...&BillingPostCode=...&BillingCountry=...&DeliverySurname=...&DeliveryFirstnames=...&DeliveryAddress1=...&DeliveryCity=...&DeliveryPostCode=...&DeliveryCountry=...&StoreToken=...&CustomerName=...&CustomerEMail=...&VendorEMail=...&SendEMail=...&eMailMessage=...&BillingAddress2=...&BillingPhone=...&ApplyAVSCV2=...&Apply3DSecure=...&AllowGiftAid=...&BillingAgreement=...&DeliveryAddress2=...&DeliveryPhone=...&BasketXML=...&Profile=...&AccountType=...
[2015-04-27 10:55:21] :: Response:
{"VPSProtocol":"VPSProtocol=3.00","Status":"Status=OK","StatusDetail":"StatusDetail=2014 : The Transaction was Registered Successfully.","VPSTxId":"VPSTxId={5C4F12DC-680E-CD0E-53FF-79393E0427EB}","SecurityKey":"...","NextURL":"..."}
[2015-04-27 11:41:56] :: Request:
VPSProtocol=3.00&TxType=PAYMENT&Vendor=liquidshop&VendorTxCode=liquidshop-PAYMENT-1430131316-434797964&Amount=830.00&Currency=GBP&Description=Purchase from Demo Store&NotificationURL=...&BillingSurname=...&BillingFirstnames=...&BillingAddress1=...&BillingCity=...&BillingPostCode=...&BillingCountry=...&DeliverySurname=...&DeliveryFirstnames=...&DeliveryAddress1=...&DeliveryCity=...&DeliveryPostCode=...&DeliveryCountry=...&StoreToken=...&CustomerName=...&CustomerEMail=...&VendorEMail=...&SendEMail=...&eMailMessage=...&BillingAddress2=...&BillingPhone=...&ApplyAVSCV2=...&Apply3DSecure=...&AllowGiftAid=...&BillingAgreement=...&DeliveryAddress2=...&DeliveryPhone=...&BasketXML=...&Profile=...&AccountType=...
[2015-04-27 11:41:56] :: Response:
{"VPSProtocol":"VPSProtocol=3.00","Status":"Status=INVALID","StatusDetail":"StatusDetail=3195 : The line item amount details do not add up correctly."}
[2015-04-30 10:52:34] :: Request:
VPSProtocol=3.00&TxType=PAYMENT&Vendor=liquidshop&VendorTxCode=liquidshop-PAYMENT-1430387554-926952222&Amount=5.53&Currency=GBP&Description=DVDs from Sagepay Demo Page&NotificationURL=...&BillingSurname=...&BillingFirstnames=...&BillingAddress1=...&BillingCity=...&BillingPostCode=...&BillingCountry=...&DeliverySurname=...&DeliveryFirstnames=...&DeliveryAddress1=...&DeliveryCity=...&DeliveryPostCode=...&DeliveryCountry=...&StoreToken=...&CustomerName=...&CustomerEMail=...&VendorEMail=...&SendEMail=...&eMailMessage=...&BillingAddress2=...&BillingPhone=...&ApplyAVSCV2=...&Apply3DSecure=...&AllowGiftAid=...&BillingAgreement=...&DeliveryAddress2=...&DeliveryPhone=...&BasketXML=...&SurchargeXML=...&Profile=...&AccountType=...
[2015-04-30 10:52:34] :: Response:
{"VPSProtocol":"VPSProtocol=3.00","Status":"Status=OK","StatusDetail":"StatusDetail=2014 : The Transaction was Registered Successfully.","VPSTxId":"VPSTxId={1D5B4DD2-E255-C447-F122-C10DC5A04ED5}","SecurityKey":"...","NextURL":"..."}
